  AutoBattleC++.cpp
  BattleField.cpp
d:\teste kokku\autobattlec++\battlefield.cpp(17): warning C4267: 'initializing': conversion from 'size_t' to 'int', possible loss of data
d:\teste kokku\autobattlec++\battlefield.cpp(41): error C2450: switch expression of type 'std::string' is illegal
  d:\teste kokku\autobattlec++\battlefield.cpp(41): note: No user-defined-conversion operator available that can perform this conversion, or the operator cannot be called
d:\teste kokku\autobattlec++\battlefield.cpp(42): error C2440: 'type cast': cannot convert from 'const char [2]' to 'int'
  d:\teste kokku\autobattlec++\battlefield.cpp(42): note: There is no context in which this conversion is possible
d:\teste kokku\autobattlec++\battlefield.cpp(42): error C2046: illegal case
d:\teste kokku\autobattlec++\battlefield.cpp(43): error C2664: 'void BattleField::CreatePlayerCharacter(int)': cannot convert argument 1 from 'std::string' to 'int'
  d:\teste kokku\autobattlec++\battlefield.cpp(43): note: No user-defined-conversion operator available that can perform this conversion, or the operator cannot be called
d:\teste kokku\autobattlec++\battlefield.cpp(45): error C2440: 'type cast': cannot convert from 'const char [2]' to 'int'
  d:\teste kokku\autobattlec++\battlefield.cpp(45): note: There is no context in which this conversion is possible
d:\teste kokku\autobattlec++\battlefield.cpp(45): error C2046: illegal case
d:\teste kokku\autobattlec++\battlefield.cpp(46): error C2664: 'void BattleField::CreatePlayerCharacter(int)': cannot convert argument 1 from 'std::string' to 'int'
  d:\teste kokku\autobattlec++\battlefield.cpp(46): note: No user-defined-conversion operator available that can perform this conversion, or the operator cannot be called
d:\teste kokku\autobattlec++\battlefield.cpp(48): error C2440: 'type cast': cannot convert from 'const char [2]' to 'int'
  d:\teste kokku\autobattlec++\battlefield.cpp(48): note: There is no context in which this conversion is possible
d:\teste kokku\autobattlec++\battlefield.cpp(48): error C2046: illegal case
d:\teste kokku\autobattlec++\battlefield.cpp(49): error C2664: 'void BattleField::CreatePlayerCharacter(int)': cannot convert argument 1 from 'std::string' to 'int'
  d:\teste kokku\autobattlec++\battlefield.cpp(49): note: No user-defined-conversion operator available that can perform this conversion, or the operator cannot be called
d:\teste kokku\autobattlec++\battlefield.cpp(51): error C2440: 'type cast': cannot convert from 'const char [2]' to 'int'
  d:\teste kokku\autobattlec++\battlefield.cpp(51): note: There is no context in which this conversion is possible
d:\teste kokku\autobattlec++\battlefield.cpp(51): error C2046: illegal case
d:\teste kokku\autobattlec++\battlefield.cpp(52): error C2664: 'void BattleField::CreatePlayerCharacter(int)': cannot convert argument 1 from 'std::string' to 'int'
  d:\teste kokku\autobattlec++\battlefield.cpp(52): note: No user-defined-conversion operator available that can perform this conversion, or the operator cannot be called
d:\teste kokku\autobattlec++\battlefield.cpp(57): warning C4065: switch statement contains 'default' but no 'case' labels
d:\teste kokku\autobattlec++\battlefield.cpp(63): warning C4312: 'type cast': conversion from 'int' to 'Types::CharacterClass *' of greater size
d:\teste kokku\autobattlec++\battlefield.cpp(83): error C2440: '=': cannot convert from 'Character *' to 'std::shared_ptr<Character> *'
  d:\teste kokku\autobattlec++\battlefield.cpp(83): note: Types pointed to are unrelated; conversion requires reinterpret_cast, C-style cast or function-style cast
d:\teste kokku\autobattlec++\battlefield.cpp(84): error C2039: 'Health': is not a member of 'std::shared_ptr<Character>'
  d:\teste kokku\autobattlec++\battlefield.h(18): note: see declaration of 'std::shared_ptr<Character>'
d:\teste kokku\autobattlec++\battlefield.cpp(94): error C2039: 'target': is not a member of 'std::shared_ptr<Character>'
  d:\teste kokku\autobattlec++\battlefield.h(18): note: see declaration of 'std::shared_ptr<Character>'
d:\teste kokku\autobattlec++\battlefield.cpp(95): error C2440: '=': cannot convert from 'std::shared_ptr<Character> *' to 'Character *'
  d:\teste kokku\autobattlec++\battlefield.cpp(95): note: Types pointed to are unrelated; conversion requires reinterpret_cast, C-style cast or function-style cast
d:\teste kokku\autobattlec++\battlefield.cpp(96): error C2664: 'void std::list<Character,std::allocator<_Ty>>::push_back(const _Ty &)': cannot convert argument 1 from 'std::shared_ptr<Character>' to '_Ty &&'
          with
          [
              _Ty=Character
          ]
  d:\teste kokku\autobattlec++\battlefield.cpp(96): note: Reason: cannot convert from 'std::shared_ptr<Character>' to '_Ty'
          with
          [
              _Ty=Character
          ]
  d:\teste kokku\autobattlec++\battlefield.cpp(96): note: No user-defined-conversion operator available that can perform this conversion, or the operator cannot be called
d:\teste kokku\autobattlec++\battlefield.cpp(97): error C2664: 'void std::list<Character,std::allocator<_Ty>>::push_back(const _Ty &)': cannot convert argument 1 from 'std::shared_ptr<Character> *' to '_Ty &&'
          with
          [
              _Ty=Character
          ]
  d:\teste kokku\autobattlec++\battlefield.cpp(97): note: Reason: cannot convert from 'std::shared_ptr<Character> *' to '_Ty'
          with
          [
              _Ty=Character
          ]
  d:\teste kokku\autobattlec++\battlefield.cpp(97): note: No constructor could take the source type, or constructor overload resolution was ambiguous
d:\teste kokku\autobattlec++\battlefield.cpp(125): error C2039: 'Health': is not a member of 'std::shared_ptr<Character>'
  d:\teste kokku\autobattlec++\battlefield.h(18): note: see declaration of 'std::shared_ptr<Character>'
d:\teste kokku\autobattlec++\battlefield.cpp(193): error C2039: 'currentBox': is not a member of 'std::shared_ptr<Character>'
  d:\teste kokku\autobattlec++\battlefield.h(18): note: see declaration of 'std::shared_ptr<Character>'
  Character.cpp
d:\teste kokku\autobattlec++\character.cpp(10): error C2512: 'Types::GridBox': no appropriate default constructor available
  d:\teste kokku\autobattlec++\types.h(6): note: see declaration of 'Types::GridBox'
  Grid.cpp
d:\teste kokku\autobattlec++\grid.cpp(16): error C2664: 'std::_Vector_iterator<std::_Vector_val<std::_Simple_types<_Ty>>> std::vector<_Ty,std::allocator<_Ty>>::insert(std::_Vector_const_iterator<std::_Vector_val<std::_Simple_types<_Ty>>>,std::initializer_list<_Ty>)': cannot convert argument 2 from 'Types::GridBox *' to 'const _Ty &'
          with
          [
              _Ty=Types::GridBox
          ]
  d:\teste kokku\autobattlec++\grid.cpp(16): note: Reason: cannot convert from 'Types::GridBox *' to 'const _Ty'
          with
          [
              _Ty=Types::GridBox
          ]
  d:\teste kokku\autobattlec++\grid.cpp(16): note: No constructor could take the source type, or constructor overload resolution was ambiguous
d:\teste kokku\autobattlec++\grid.cpp(34): error C2512: 'Types::GridBox::GridBox': no appropriate default constructor available
  Generating Code...
